AudioServiceApp/ServiceWithIPCClient/app/build/intermediates/manifest_merge_blame_file/debug/manifest-merger-blame-debug-report.txt
1<?xml version="1.0" encoding="utf-8"?>
2<manifest xmlns:android="http://schemas.android.com/apk/res/android"
3    package="course.examples.Services.KeyClient"
4    android:versionCode="1"
5    android:versionName="1.0" >
6
7    <uses-sdk
8        android:minSdkVersion="26"
8-->src/main/AndroidManifest.xml
9        android:targetSdkVersion="34" />
9-->src/main/AndroidManifest.xml
10
11    <uses-permission android:name="course.examples.Services.KeyService.GEN_ID" />
11-->src/main/AndroidManifest.xml:7:5-82
11-->src/main/AndroidManifest.xml:7:22-79
12    <uses-permission android:name="android.permission.QUERY_ALL_PACKAGES" />
12-->src/main/AndroidManifest.xml:8:5-76
12-->src/main/AndroidManifest.xml:8:22-74
13    <uses-permission android:name="android.permission.POST_NOTIFICATIONS" />
13-->src/main/AndroidManifest.xml:9:5-77
13-->src/main/AndroidManifest.xml:9:22-74
14
15    <application
15-->src/main/AndroidManifest.xml:11:5-25:19
16        android:allowBackup="false"
16-->src/main/AndroidManifest.xml:12:9-36
17        android:appComponentFactory="androidx.core.app.CoreComponentFactory"
17-->[androidx.core:core:1.0.0] AndroidManifest.xml:22:18-86
18        android:debuggable="true"
19        android:extractNativeLibs="false"
20        android:icon="@drawable/ic_launcher"
20-->src/main/AndroidManifest.xml:13:9-45
21        android:testOnly="true" >
22        <activity
22-->src/main/AndroidManifest.xml:15:9-23:20
23            android:name="course.examples.Services.KeyClient.KeyServiceUser"
23-->src/main/AndroidManifest.xml:16:13-43
24            android:exported="true"
24-->src/main/AndroidManifest.xml:18:13-36
25            android:label="AudioClient" >
25-->src/main/AndroidManifest.xml:17:13-40
26            <intent-filter>
26-->src/main/AndroidManifest.xml:19:13-22:29
27                <action android:name="android.intent.action.MAIN" />
27-->src/main/AndroidManifest.xml:20:17-69
27-->src/main/AndroidManifest.xml:20:25-66
28
29                <category android:name="android.intent.category.LAUNCHER" />
29-->src/main/AndroidManifest.xml:21:17-77
29-->src/main/AndroidManifest.xml:21:27-74
30            </intent-filter>
31        </activity>
32    </application>
33
34</manifest>